<?xml version="1.0" encoding="UTF-8"?>
<!-- Generated by org.testng.reporters.JUnitReportReporter -->
<testsuite hostname="LAPTOP-6QE1MNG2" failures="0" tests="2" name="dynamicLoading.DynamicLoadingTests" time="40.831" errors="0" timestamp="15 Apr 2020 20:03:50 GMT" skipped="0">
  <testcase classname="dynamicLoading.DynamicLoadingTests" name="testExample2Load" time="17.397"/>
  <testcase classname="dynamicLoading.DynamicLoadingTests" name="testExample1Load" time="23.434"/>
</testsuite> <!-- dynamicLoading.DynamicLoadingTests -->
