<?xml version="1.0" encoding="UTF-8"?>
<!-- Generated by org.testng.reporters.JUnitReportReporter -->
<testsuite hostname="LAPTOP-6QE1MNG2" failures="0" tests="1" name="addAndRemoveElements.AddElementsTests" time="9.720" errors="0" timestamp="17 Apr 2020 01:12:13 GMT" skipped="0">
  <testcase classname="addAndRemoveElements.AddElementsTests" name="testAddElement" time="9.720"/>
</testsuite> <!-- addAndRemoveElements.AddElementsTests -->
