<?xml version="1.0" encoding="UTF-8"?>
<!-- Generated by org.testng.reporters.JUnitReportReporter -->
<testsuite hostname="LAPTOP-6QE1MNG2" failures="0" tests="1" name="addAndRemoveElements.RemoveElementTests" time="13.547" errors="0" timestamp="17 Apr 2020 01:12:13 GMT" skipped="0">
  <testcase classname="addAndRemoveElements.RemoveElementTests" name="testRemoveElement" time="13.547"/>
</testsuite> <!-- addAndRemoveElements.RemoveElementTests -->
