<?xml version="1.0" encoding="UTF-8"?>
<!-- Generated by org.testng.reporters.JUnitReportReporter -->
<testsuite hostname="LAPTOP-6QE1MNG2" failures="0" tests="2" name="checkboxes.CheckboxesTests" time="22.130" errors="0" timestamp="17 Apr 2020 01:12:13 GMT" skipped="0">
  <testcase classname="checkboxes.CheckboxesTests" name="testCheckCheckbox1" time="10.982"/>
  <testcase classname="checkboxes.CheckboxesTests" name="testUnCheckCheckbox2" time="11.148"/>
</testsuite> <!-- checkboxes.CheckboxesTests -->
