<?xml version="1.0" encoding="UTF-8"?>
<!-- Generated by org.testng.reporters.JUnitReportReporter -->
<testsuite hostname="LAPTOP-6QE1MNG2" failures="0" tests="1" name="login.LoginTests" time="10.047" errors="0" timestamp="17 Apr 2020 01:12:13 GMT" skipped="0">
  <testcase classname="login.LoginTests" name="testSuccessfullLogin" time="10.047"/>
</testsuite> <!-- login.LoginTests -->
