<?xml version="1.0" encoding="UTF-8"?>
<!-- Generated by org.testng.reporters.JUnitReportReporter -->
<testsuite hostname="LAPTOP-6QE1MNG2" failures="0" tests="2" name="dynamicLoading.DynamicLoadingTests" time="36.122" errors="0" timestamp="17 Apr 2020 01:12:13 GMT" skipped="0">
  <testcase classname="dynamicLoading.DynamicLoadingTests" name="testExample2Load" time="18.698"/>
  <testcase classname="dynamicLoading.DynamicLoadingTests" name="testExample1Load" time="17.424"/>
</testsuite> <!-- dynamicLoading.DynamicLoadingTests -->
